<?xml version="1.0" encoding="UTF-8"?>
<testng-results ignored="0" total="1" passed="1" failed="0" skipped="0">
  <reporter-output>
  </reporter-output>
  <suite started-at="2025-12-04T21:06:09 IST" name="Default suite" finished-at="2025-12-04T21:06:14 IST" duration-ms="4527">
    <groups>
    </groups>
    <test started-at="2025-12-04T21:06:09 IST" name="Default test" finished-at="2025-12-04T21:06:14 IST" duration-ms="4527">
      <class name="testscript.LoginTest">
        <test-method is-config="true" signature="initializeBrowser()[pri:0, instance:testscript.LoginTest@47eaca72]" started-at="2025-12-04T21:06:09 IST" name="initializeBrowser" finished-at="2025-12-04T21:06:12 IST" duration-ms="3142" status="PASS">
          <reporter-output>
          </reporter-output>
        </test-method> <!-- initializeBrowser -->
        <test-method signature="verifyUserLogiWithInvalidPassword()[pri:0, instance:testscript.LoginTest@47eaca72]" started-at="2025-12-04T21:06:12 IST" name="verifyUserLogiWithInvalidPassword" finished-at="2025-12-04T21:06:14 IST" duration-ms="1339" status="PASS">
          <reporter-output>
          </reporter-output>
        </test-method> <!-- verifyUserLogiWithInvalidPassword -->
        <test-method is-config="true" signature="closeBrowser()[pri:0, instance:testscript.LoginTest@47eaca72]" started-at="2025-12-04T21:06:14 IST" name="closeBrowser" finished-at="2025-12-04T21:06:14 IST" duration-ms="6" status="PASS">
          <reporter-output>
          </reporter-output>
        </test-method> <!-- closeBrowser -->
      </class> <!-- testscript.LoginTest -->
    </test> <!-- Default test -->
  </suite> <!-- Default suite -->
</testng-results>
