<?xml version="1.0" encoding="UTF-8"?>
<!-- Generated by org.testng.reporters.JUnitXMLReporter -->
<testsuite ignored="3" hostname="EM-117-AHILARAJR" failures="0" tests="1" name="Default test" time="5.615" errors="0" timestamp="2025-12-02T08:00:38 IST">
  <testcase classname="testscript.LoginTest" name="verifyUserLoginwithValidCredentials" time="0.566"/>
  <testcase classname="testscript.LoginTest" name="verifyUserLoginwithInValidUsernameandValidPassword" time="0.0">
    <ignored/>
  </testcase> <!-- verifyUserLoginwithInValidUsernameandValidPassword -->
  <testcase classname="testscript.LoginTest" name="verifyUserLoginwithInValidCredentials" time="0.0">
    <ignored/>
  </testcase> <!-- verifyUserLoginwithInValidCredentials -->
  <testcase classname="testscript.LoginTest" name="verifyUserLoginwithValidUsernameandInValidPassword" time="0.0">
    <ignored/>
  </testcase> <!-- verifyUserLoginwithValidUsernameandInValidPassword -->
</testsuite> <!-- Default test -->
