<?xml version="1.0" encoding="UTF-8"?>
<!-- Generated by org.testng.reporters.JUnitXMLReporter -->
<testsuite ignored="3" hostname="EM-011-AHILARAJ-R" failures="0" tests="1" name="Default test" time="4.527" errors="0" timestamp="2025-12-04T21:06:14 IST">
  <testcase classname="testscript.LoginTest" name="verifyUserLogiWithInvalidPassword" time="1.339"/>
  <testcase classname="testscript.LoginTest" name="verifyUserLogiWithValidCredentials" time="0.0">
    <ignored/>
  </testcase> <!-- verifyUserLogiWithValidCredentials -->
  <testcase classname="testscript.LoginTest" name="verifyUserLogiWithInvalidCredentials" time="0.0">
    <ignored/>
  </testcase> <!-- verifyUserLogiWithInvalidCredentials -->
  <testcase classname="testscript.LoginTest" name="verifyUserLogiWithInvalidUsername" time="0.0">
    <ignored/>
  </testcase> <!-- verifyUserLogiWithInvalidUsername -->
</testsuite> <!-- Default test -->
